03:37:14 INFO  : Registering command handlers for SDK TCF services
03:37:17 INFO  : Launching XSCT server: xsct -n -interactive /home/alp/Documents/Xilinx/vivado17.4/PADME_trigger_v3_1/PADME_trigger_v3_1.sdk/temp_xsdb_launch_script.tcl
03:37:19 INFO  : XSCT server has started successfully.
03:37:19 INFO  : Successfully done setting XSCT server connection channel  
03:37:19 INFO  : Successfully done setting SDK workspace  
03:37:19 INFO  : Processing command line option -hwspec /home/alp/Documents/Xilinx/vivado17.4/PADME_trigger_v3_1/PADME_trigger_v3_1.sdk/top.hdf.
04:15:57 INFO  : Invoking Bootgen: bootgen -image padme_v3.bif -arch zynq -o /home/alp/Documents/Xilinx/vivado17.4/PADME_trigger_v3_1/PADME_trigger_v3_1.sdk/padme_v3/bootimage/BOOT.mcs
04:15:57 INFO  : Creating new bif file /home/alp/Documents/Xilinx/vivado17.4/PADME_trigger_v3_1/PADME_trigger_v3_1.sdk/padme_v3/bootimage/padme_v3.bif
04:15:58 INFO  : Bootgen command execution is done.
04:17:11 INFO  : Connected to target on host 'pclnfftk1' and port '3121'.
04:21:05 INFO  : Refreshed build settings on project padme_v3
04:21:05 INFO  : Refreshed build settings on project padme_v3_FSBL
04:21:46 INFO  : Inferring section assignments and sizes from elf file: /home/alp/Documents/Xilinx/vivado17.4/PADME_trigger_v3_1/PADME_trigger_v3_1.sdk/padme_v3/Debug/padme_v3.elf
04:21:57 INFO  : Successfully generated /home/alp/Documents/Xilinx/vivado17.4/PADME_trigger_v3_1/PADME_trigger_v3_1.sdk/padme_v3/src/lscript.ld.
04:21:57 INFO  : Applying linker script to all configurations of project padme_v3.
04:21:57 INFO  : Setting rebuild state to true for all configurations of project padme_v3.
04:22:12 WARN  : Given IPC port value is invalid. Using default port 2350
04:22:12 WARN  : Unable to obtain port 2350 for use by XMD, java.net.BindException: Address already in use (Bind failed)
04:22:12 WARN  : Given XMD timeout value is invalid. Using default value of 50000
04:22:17 WARN  : Given XMD transaction timeout value is invalid. Using default value of 60000 milli seconds
04:22:17 WARN  : Given XMD transaction timeout value is invalid. Using default value of 60000 milli seconds
04:22:22 WARN  : Given XMD transaction timeout value is invalid. Using default value of 60000 milli seconds
04:22:22 ERROR : Checking FPGA configuration failed..Connection to Board Failed


    Unknown Error Occured
    Cable is not connected to the host

04:22:22 ERROR : Unexpected error while launching program.
com.xilinx.sdk.targetmanager.TMException: Connection to Board Failed


    Unknown Error Occured
    Cable is not connected to the host

	at com.xilinx.sdk.targetmanager.internal.TM.isFPGAConfigured(TM.java:368)
	at com.xilinx.sdk.debug.core.XilinxAppLaunchConfigurationDelegate.isFpgaConfigured(XilinxAppLaunchConfigurationDelegate.java:409)
	at com.xilinx.sdk.debug.core.XilinxAppLaunchConfigurationDelegate.launch(XilinxAppLaunchConfigurationDelegate.java:303)
	at com.xilinx.sdk.debug.ui.XilinxAppLaunchDelegateWrapper.launch(XilinxAppLaunchDelegateWrapper.java:31)
	at org.eclipse.debug.internal.core.LaunchConfiguration.launch(LaunchConfiguration.java:885)
	at org.eclipse.debug.internal.core.LaunchConfiguration.launch(LaunchConfiguration.java:739)
	at org.eclipse.debug.internal.ui.DebugUIPlugin.buildAndLaunch(DebugUIPlugin.java:1039)
	at org.eclipse.debug.internal.ui.DebugUIPlugin$8.run(DebugUIPlugin.java:1256)
	at org.eclipse.core.internal.jobs.Worker.run(Worker.java:55)
04:22:36 WARN  : Given XMD transaction timeout value is invalid. Using default value of 60000 milli seconds
04:22:45 WARN  : Given XMD transaction timeout value is invalid. Using default value of 60000 milli seconds
04:22:47 WARN  : Given XMD transaction timeout value is invalid. Using default value of 60000 milli seconds
04:22:47 WARN  : Given XMD transaction timeout value is invalid. Using default value of 60000 milli seconds
04:22:47 WARN  : Given XMD transaction timeout value is invalid. Using default value of 60000 milli seconds
04:22:47 WARN  : Given XMD transaction timeout value is invalid. Using default value of 60000 milli seconds
04:22:47 WARN  : Given XMD transaction timeout value is invalid. Using default value of 60000 milli seconds
04:22:47 WARN  : Given XMD transaction timeout value is invalid. Using default value of 60000 milli seconds
04:22:48 INFO  : ps7_init is completed.
04:22:48 WARN  : Given XMD transaction timeout value is invalid. Using default value of 60000 milli seconds
04:22:48 INFO  : ps7_post_config is completed.
04:22:48 WARN  : Given XMD transaction timeout value is invalid. Using default value of 60000 milli seconds
04:22:48 WARN  : Given XMD transaction timeout value is invalid. Using default value of 60000 milli seconds
04:22:49 INFO  : Processor reset is completed for ps7_cortexa9_0
04:22:49 WARN  : Given XMD transaction timeout value is invalid. Using default value of 60000 milli seconds
04:22:51 WARN  : Given XMD transaction timeout value is invalid. Using default value of 60000 milli seconds
04:22:51 WARN  : Given XMD transaction timeout value is invalid. Using default value of 60000 milli seconds
04:22:51 WARN  : Given XMD transaction timeout value is invalid. Using default value of 60000 milli seconds
04:22:51 WARN  : Given XMD transaction timeout value is invalid. Using default value of 60000 milli seconds
04:22:51 WARN  : Given XMD transaction timeout value is invalid. Using default value of 60000 milli seconds
04:23:03 WARN  : Given XMD transaction timeout value is invalid. Using default value of 60000 milli seconds
04:23:03 WARN  : Given XMD transaction timeout value is invalid. Using default value of 60000 milli seconds
04:23:03 WARN  : Given XMD transaction timeout value is invalid. Using default value of 60000 milli seconds
04:23:37 WARN  : Given XMD transaction timeout value is invalid. Using default value of 60000 milli seconds
04:23:40 WARN  : Given XMD transaction timeout value is invalid. Using default value of 60000 milli seconds
04:23:40 WARN  : Given XMD transaction timeout value is invalid. Using default value of 60000 milli seconds
04:23:40 WARN  : Given XMD transaction timeout value is invalid. Using default value of 60000 milli seconds
04:23:40 WARN  : Given XMD transaction timeout value is invalid. Using default value of 60000 milli seconds
04:23:40 WARN  : Given XMD transaction timeout value is invalid. Using default value of 60000 milli seconds
04:23:40 WARN  : Given XMD transaction timeout value is invalid. Using default value of 60000 milli seconds
04:23:42 INFO  : ps7_init is completed.
04:23:42 WARN  : Given XMD transaction timeout value is invalid. Using default value of 60000 milli seconds
04:23:42 INFO  : ps7_post_config is completed.
04:23:42 WARN  : Given XMD transaction timeout value is invalid. Using default value of 60000 milli seconds
04:23:42 WARN  : Given XMD transaction timeout value is invalid. Using default value of 60000 milli seconds
04:23:42 INFO  : Processor reset is completed for ps7_cortexa9_0
04:23:42 WARN  : Given XMD transaction timeout value is invalid. Using default value of 60000 milli seconds
04:23:44 WARN  : Given XMD transaction timeout value is invalid. Using default value of 60000 milli seconds
04:23:44 WARN  : Given XMD transaction timeout value is invalid. Using default value of 60000 milli seconds
04:23:44 WARN  : Given XMD transaction timeout value is invalid. Using default value of 60000 milli seconds
04:23:44 WARN  : Given XMD transaction timeout value is invalid. Using default value of 60000 milli seconds
04:23:45 WARN  : Given XMD transaction timeout value is invalid. Using default value of 60000 milli seconds
04:28:48 INFO  : Invoking Bootgen: bootgen -image padme_v3.bif -arch zynq -o /home/alp/Documents/Xilinx/vivado17.4/PADME_trigger_v3_1/PADME_trigger_v3_1.sdk/padme_v3/bootimage/BOOT.mcs -w on
04:28:49 INFO  : Bootgen command execution is done.
04:28:58 INFO  : Connected to target on host 'pclnfftk1' and port '3121'.
04:29:39 INFO  : Connected to target on host 'pclnfftk1' and port '3121'.
04:30:21 WARN  : Given XMD transaction timeout value is invalid. Using default value of 60000 milli seconds
04:30:21 WARN  : Given XMD transaction timeout value is invalid. Using default value of 60000 milli seconds
04:30:21 WARN  : Given XMD transaction timeout value is invalid. Using default value of 60000 milli seconds
13:31:58 INFO  : Invoking Bootgen: bootgen -image padme_v3.bif -arch zynq -o /home/alp/Documents/Xilinx/vivado17.4/PADME_trigger_v3_1/PADME_trigger_v3_1.sdk/padme_v3/bootimage/BOOT.mcs -w on
13:31:59 INFO  : Bootgen command execution is done.
13:32:11 INFO  : Connected to target on host 'pclnfftk1' and port '3121'.
19:19:16 INFO  : Refreshed build settings on project padme_v3
19:19:16 INFO  : Refreshed build settings on project padme_v3_FSBL
09:36:18 INFO  : Invoking Bootgen: bootgen -image padme_v3.bif -arch zynq -o /home/alp/Documents/Xilinx/vivado17.4/PADME_trigger_v3_1/PADME_trigger_v3_1.sdk/padme_v3/bootimage/BOOT.mcs -w on
09:36:19 INFO  : Bootgen command execution is done.
09:36:31 INFO  : Connected to target on host 'pclnfftk1' and port '3121'.
17:10:14 INFO  : Invoking Bootgen: bootgen -image padme_v3.bif -arch zynq -o /home/alp/Documents/Xilinx/vivado17.4/PADME_trigger_v3_1/PADME_trigger_v3_1.sdk/padme_v3/bootimage/BOOT.mcs -w on
17:10:15 INFO  : Bootgen command execution is done.
17:10:23 INFO  : Connected to target on host 'pclnfftk1' and port '3121'.
17:10:32 INFO  : Connected to target on host 'pclnfftk1' and port '3121'.
17:10:41 INFO  : Connected to target on host 'pclnfftk1' and port '3121'.
17:10:59 INFO  : Connected to target on host 'pclnfftk1' and port '3121'.
17:11:12 INFO  : Connected to target on host 'pclnfftk1' and port '3121'.
10:42:57 INFO  : Invoking Bootgen: bootgen -image padme_v3.bif -arch zynq -o /home/alp/Documents/Xilinx/vivado17.4/PADME_trigger_v3_1/PADME_trigger_v3_1.sdk/padme_v3/bootimage/BOOT.mcs -w on
10:42:58 INFO  : Bootgen command execution is done.
10:43:55 ERROR : Failed to connect to hardware server on host 'pclnfftk1' and port '3121'.
Reason: Connection refused
10:44:01 ERROR : Failed to connect to hardware server on host 'pclnfftk1' and port '3121'.
Reason: Connection refused
10:44:52 INFO  : Connected to target on host 'pclnfftk1' and port '3121'.
16:23:17 ERROR : Unexpected error while parsing XMD response ￿: com.google.gson.JsonSyntaxException: com.google.gson.stream.MalformedJsonException: invalid number or unquoted string near 
16:47:19 INFO  : Registering command handlers for SDK TCF services
16:47:20 INFO  : Launching XSCT server: xsct -n -interactive /home/alp/Documents/Xilinx/vivado17.4/PADME_trigger_v3_1/PADME_trigger_v3_1.sdk/temp_xsdb_launch_script.tcl
16:47:22 INFO  : XSCT server has started successfully.
16:47:23 INFO  : Successfully done setting XSCT server connection channel  
16:47:23 INFO  : Successfully done setting SDK workspace  
16:47:23 INFO  : Processing command line option -hwspec /home/alp/Documents/Xilinx/vivado17.4/PADME_trigger_v3_1/PADME_trigger_v3_1.sdk/top.hdf.
16:47:23 INFO  : Checking for hwspec changes in the project top_hw_platform_0.
16:51:17 INFO  : Refreshed build settings on project padme_v3
16:51:17 INFO  : Refreshed build settings on project padme_v3_FSBL
16:56:00 INFO  : Inferring section assignments and sizes from elf file: /home/alp/Documents/Xilinx/vivado17.4/PADME_trigger_v3_1/PADME_trigger_v3_1.sdk/padme_v3/Debug/padme_v3.elf
16:56:04 INFO  : Successfully generated /home/alp/Documents/Xilinx/vivado17.4/PADME_trigger_v3_1/PADME_trigger_v3_1.sdk/padme_v3/src/lscript.ld.
16:56:04 INFO  : Applying linker script to all configurations of project padme_v3.
16:56:04 INFO  : Setting rebuild state to true for all configurations of project padme_v3.
17:09:27 INFO  : Invoking Bootgen: bootgen -image padme_v3.bif -arch zynq -o /home/alp/Documents/Xilinx/vivado17.4/PADME_trigger_v3_1/PADME_trigger_v3_1.sdk/padme_v3/bootimage/BOOT.mcs -w on
17:09:28 INFO  : Bootgen command execution is done.
17:10:40 INFO  : Invoking Bootgen: bootgen -image padme_v3.bif -arch zynq -o /home/alp/Documents/Xilinx/vivado17.4/PADME_trigger_v3_1/PADME_trigger_v3_1.sdk/padme_v3/bootimage/BOOT.mcs -w on
17:10:41 INFO  : Bootgen command execution is done.
17:13:08 ERROR : Failed to connect to hardware server on host 'pclnfftk1' and port '3121'.
Reason: Connection timed out
17:20:39 INFO  : Connected to target on host 'pclnfftk1' and port '3121'.
17:21:15 INFO  : Connected to target on host 'pclnfftk1' and port '3121'.
17:21:25 INFO  : Connected to target on host 'pclnfftk1' and port '3121'.
18:24:00 INFO  : Connected to target on host 'pclnfftk1' and port '3121'.
18:30:28 INFO  : Registering command handlers for SDK TCF services
18:30:29 INFO  : Launching XSCT server: xsct -n -interactive /home/alp/Documents/Xilinx/vivado17.4/PADME_trigger_v3_1/PADME_trigger_v3_1.sdk/temp_xsdb_launch_script.tcl
18:30:32 INFO  : XSCT server has started successfully.
18:30:32 INFO  : Successfully done setting XSCT server connection channel  
18:30:32 INFO  : Successfully done setting SDK workspace  
18:30:32 INFO  : Processing command line option -hwspec /home/alp/Documents/Xilinx/vivado17.4/PADME_trigger_v3_1/PADME_trigger_v3_1.sdk/top.hdf.
18:30:32 INFO  : Checking for hwspec changes in the project top_hw_platform_0.
18:34:52 INFO  : Invoking Bootgen: bootgen -image padme_v3.bif -arch zynq -o /home/alp/Documents/Xilinx/vivado17.4/PADME_trigger_v3_1/PADME_trigger_v3_1.sdk/padme_v3/bootimage/BOOT.mcs -w on
18:34:52 INFO  : Overwriting existing bif file /home/alp/Documents/Xilinx/vivado17.4/PADME_trigger_v3_1/PADME_trigger_v3_1.sdk/padme_v3/bootimage/padme_v3.bif
18:34:53 INFO  : Bootgen command execution is done.
11:53:59 INFO  : Registering command handlers for SDK TCF services
11:54:00 INFO  : Launching XSCT server: xsct -n -interactive /home/alp/Documents/Xilinx/vivado17.4/PADME_trigger_v3_1/PADME_trigger_v3_1.sdk/temp_xsdb_launch_script.tcl
11:54:02 INFO  : XSCT server has started successfully.
11:54:02 INFO  : Successfully done setting XSCT server connection channel  
11:54:03 INFO  : Successfully done setting SDK workspace  
11:54:03 INFO  : Processing command line option -hwspec /home/alp/Documents/Xilinx/vivado17.4/PADME_trigger_v3_1/PADME_trigger_v3_1.sdk/top.hdf.
11:54:03 INFO  : Checking for hwspec changes in the project top_hw_platform_0.
12:28:47 INFO  : Invoking Bootgen: bootgen -image padme_v3.bif -arch zynq -o /home/alp/Documents/Xilinx/vivado17.4/PADME_trigger_v3_1/PADME_trigger_v3_1.sdk/padme_v3/bootimage/BOOT.mcs
12:28:48 INFO  : Bootgen command execution is done.
12:29:51 INFO  : Connected to target on host 'pclnfftk1' and port '3121'.
12:30:01 INFO  : Connected to target on host 'pclnfftk1' and port '3121'.
12:30:04 INFO  : Connected to target on host 'pclnfftk1' and port '3121'.
12:32:09 INFO  : Connected to target on host 'pclnfftk1' and port '3121'.
16:43:06 INFO  : Registering command handlers for SDK TCF services
16:43:07 INFO  : Launching XSCT server: xsct -n -interactive /home/alp/Documents/Xilinx/vivado17.4/PADME_trigger_v3_1/PADME_trigger_v3_1.sdk/temp_xsdb_launch_script.tcl
16:43:09 INFO  : XSCT server has started successfully.
16:43:09 INFO  : Successfully done setting XSCT server connection channel  
16:43:10 INFO  : Successfully done setting SDK workspace  
16:43:10 INFO  : Processing command line option -hwspec /home/alp/Documents/Xilinx/vivado17.4/PADME_trigger_v3_1/PADME_trigger_v3_1.sdk/top.hdf.
16:43:10 INFO  : Checking for hwspec changes in the project top_hw_platform_0.
16:52:15 ERROR : Failed to connect to hardware server on host 'pclnfftk1' and port '3121'.
Reason: Connection refused
16:53:19 INFO  : Connected to target on host 'pclnfftk1' and port '3121'.
16:53:24 INFO  : Connected to target on host 'pclnfftk1' and port '3121'.
16:53:31 INFO  : Connected to target on host 'pclnfftk1' and port '3121'.
16:53:37 INFO  : Connected to target on host 'pclnfftk1' and port '3121'.
16:53:43 INFO  : Connected to target on host 'pclnfftk1' and port '3121'.
16:55:58 INFO  : Invoking Bootgen: bootgen -image padme_v3.bif -arch zynq -o /home/alp/Documents/Xilinx/vivado17.4/PADME_trigger_v3_1/PADME_trigger_v3_1.sdk/padme_v3/bootimage/BOOT.mcs -w on
16:56:00 INFO  : Bootgen command execution is done.
16:56:11 ERROR : Failed to connect to hardware server on host 'pclnfftk1' and port '3121'.
Reason: Connection refused
16:56:56 INFO  : Connected to target on host 'pclnfftk1' and port '3121'.
12:05:36 INFO  : Registering command handlers for SDK TCF services
12:05:37 INFO  : Launching XSCT server: xsct -n -interactive /home/alp/Documents/Xilinx/vivado17.4/PADME_trigger_v3_1/PADME_trigger_v3_1.sdk/temp_xsdb_launch_script.tcl
12:05:39 INFO  : XSCT server has started successfully.
12:05:39 INFO  : Successfully done setting XSCT server connection channel  
12:05:40 INFO  : Successfully done setting SDK workspace  
12:05:40 INFO  : Processing command line option -hwspec /home/alp/Documents/Xilinx/vivado17.4/PADME_trigger_v3_1/PADME_trigger_v3_1.sdk/top.hdf.
12:05:40 INFO  : Checking for hwspec changes in the project top_hw_platform_0.
