19:19:17 **** Auto Build of project padme_v3_bsp ****
make -k all 
Running Make include in ps7_cortexa9_0/libsrc/dmaps_v2_3/src
make -C ps7_cortexa9_0/libsrc/dmaps_v2_3/src -s include  "SHELL=/bin/sh" "COMPILER=arm-none-eabi-gcc" "ARCHIVER=arm-none-eabi-ar" "COMPILER_FLAGS=  -O2 -c" "EXTRA_COMPILER_FLAGS=-mcpu=cortex-a9 -mfpu=vfpv3 -mfloat-abi=hard -nostartfiles -Wall -Wextra"
Running Make include in ps7_cortexa9_0/libsrc/ddrps_v1_0/src
make -C ps7_cortexa9_0/libsrc/ddrps_v1_0/src -s include  "SHELL=/bin/sh" "COMPILER=arm-none-eabi-gcc" "ARCHIVER=arm-none-eabi-ar" "COMPILER_FLAGS=  -O2 -c" "EXTRA_COMPILER_FLAGS=-mcpu=cortex-a9 -mfpu=vfpv3 -mfloat-abi=hard -nostartfiles -Wall -Wextra"
Running Make include in ps7_cortexa9_0/libsrc/qspips_v3_4/src
make -C ps7_cortexa9_0/libsrc/qspips_v3_4/src -s include  "SHELL=/bin/sh" "COMPILER=arm-none-eabi-gcc" "ARCHIVER=arm-none-eabi-ar" "COMPILER_FLAGS=  -O2 -c" "EXTRA_COMPILER_FLAGS=-mcpu=cortex-a9 -mfpu=vfpv3 -mfloat-abi=hard -nostartfiles -Wall -Wextra"
Running Make include in ps7_cortexa9_0/libsrc/xilrsa_v1_4/src
make -C ps7_cortexa9_0/libsrc/xilrsa_v1_4/src -s include  "SHELL=/bin/sh" "COMPILER=arm-none-eabi-gcc" "ARCHIVER=arm-none-eabi-ar" "COMPILER_FLAGS=  -O2 -c" "EXTRA_COMPILER_FLAGS=-mcpu=cortex-a9 -mfpu=vfpv3 -mfloat-abi=hard -nostartfiles -Wall -Wextra"
Running Make include in ps7_cortexa9_0/libsrc/gpiops_v3_3/src
make -C ps7_cortexa9_0/libsrc/gpiops_v3_3/src -s include  "SHELL=/bin/sh" "COMPILER=arm-none-eabi-gcc" "ARCHIVER=arm-none-eabi-ar" "COMPILER_FLAGS=  -O2 -c" "EXTRA_COMPILER_FLAGS=-mcpu=cortex-a9 -mfpu=vfpv3 -mfloat-abi=hard -nostartfiles -Wall -Wextra"
Running Make include in ps7_cortexa9_0/libsrc/lwip141_v2_0/src
make -C ps7_cortexa9_0/libsrc/lwip141_v2_0/src -s include  "SHELL=/bin/sh" "COMPILER=arm-none-eabi-gcc" "ARCHIVER=arm-none-eabi-ar" "COMPILER_FLAGS=  -O2 -c" "EXTRA_COMPILER_FLAGS=-mcpu=cortex-a9 -mfpu=vfpv3 -mfloat-abi=hard -nostartfiles -Wall -Wextra"
Running Make include in ps7_cortexa9_0/libsrc/sdps_v3_3/src
make -C ps7_cortexa9_0/libsrc/sdps_v3_3/src -s include  "SHELL=/bin/sh" "COMPILER=arm-none-eabi-gcc" "ARCHIVER=arm-none-eabi-ar" "COMPILER_FLAGS=  -O2 -c" "EXTRA_COMPILER_FLAGS=-mcpu=cortex-a9 -mfpu=vfpv3 -mfloat-abi=hard -nostartfiles -Wall -Wextra"
Running Make include in ps7_cortexa9_0/libsrc/xilffs_v3_7/src
make -C ps7_cortexa9_0/libsrc/xilffs_v3_7/src -s include  "SHELL=/bin/sh" "COMPILER=arm-none-eabi-gcc" "ARCHIVER=arm-none-eabi-ar" "COMPILER_FLAGS=  -O2 -c" "EXTRA_COMPILER_FLAGS=-mcpu=cortex-a9 -mfpu=vfpv3 -mfloat-abi=hard -nostartfiles -Wall -Wextra"
Running Make include in ps7_cortexa9_0/libsrc/standalone_v6_5/src
make -C ps7_cortexa9_0/libsrc/standalone_v6_5/src -s include  "SHELL=/bin/sh" "COMPILER=arm-none-eabi-gcc" "ARCHIVER=arm-none-eabi-ar" "COMPILER_FLAGS=  -O2 -c" "EXTRA_COMPILER_FLAGS=-mcpu=cortex-a9 -mfpu=vfpv3 -mfloat-abi=hard -nostartfiles -Wall -Wextra"
Running Make include in ps7_cortexa9_0/libsrc/cpu_cortexa9_v2_5/src
make -C ps7_cortexa9_0/libsrc/cpu_cortexa9_v2_5/src -s include  "SHELL=/bin/sh" "COMPILER=arm-none-eabi-gcc" "ARCHIVER=arm-none-eabi-ar" "COMPILER_FLAGS=  -O2 -c" "EXTRA_COMPILER_FLAGS=-mcpu=cortex-a9 -mfpu=vfpv3 -mfloat-abi=hard -nostartfiles -Wall -Wextra"
Running Make include in ps7_cortexa9_0/libsrc/xadcps_v2_2/src
make -C ps7_cortexa9_0/libsrc/xadcps_v2_2/src -s include  "SHELL=/bin/sh" "COMPILER=arm-none-eabi-gcc" "ARCHIVER=arm-none-eabi-ar" "COMPILER_FLAGS=  -O2 -c" "EXTRA_COMPILER_FLAGS=-mcpu=cortex-a9 -mfpu=vfpv3 -mfloat-abi=hard -nostartfiles -Wall -Wextra"
Running Make include in ps7_cortexa9_0/libsrc/devcfg_v3_5/src
make -C ps7_cortexa9_0/libsrc/devcfg_v3_5/src -s include  "SHELL=/bin/sh" "COMPILER=arm-none-eabi-gcc" "ARCHIVER=arm-none-eabi-ar" "COMPILER_FLAGS=  -O2 -c" "EXTRA_COMPILER_FLAGS=-mcpu=cortex-a9 -mfpu=vfpv3 -mfloat-abi=hard -nostartfiles -Wall -Wextra"
Running Make include in ps7_cortexa9_0/libsrc/iicps_v3_5/src
make -C ps7_cortexa9_0/libsrc/iicps_v3_5/src -s include  "SHELL=/bin/sh" "COMPILER=arm-none-eabi-gcc" "ARCHIVER=arm-none-eabi-ar" "COMPILER_FLAGS=  -O2 -c" "EXTRA_COMPILER_FLAGS=-mcpu=cortex-a9 -mfpu=vfpv3 -mfloat-abi=hard -nostartfiles -Wall -Wextra"
Running Make include in ps7_cortexa9_0/libsrc/scuwdt_v2_1/src
make -C ps7_cortexa9_0/libsrc/scuwdt_v2_1/src -s include  "SHELL=/bin/sh" "COMPILER=arm-none-eabi-gcc" "ARCHIVER=arm-none-eabi-ar" "COMPILER_FLAGS=  -O2 -c" "EXTRA_COMPILER_FLAGS=-mcpu=cortex-a9 -mfpu=vfpv3 -mfloat-abi=hard -nostartfiles -Wall -Wextra"
Running Make include in ps7_cortexa9_0/libsrc/emacps_v3_6/src
make -C ps7_cortexa9_0/libsrc/emacps_v3_6/src -s include  "SHELL=/bin/sh" "COMPILER=arm-none-eabi-gcc" "ARCHIVER=arm-none-eabi-ar" "COMPILER_FLAGS=  -O2 -c" "EXTRA_COMPILER_FLAGS=-mcpu=cortex-a9 -mfpu=vfpv3 -mfloat-abi=hard -nostartfiles -Wall -Wextra"
Running Make include in ps7_cortexa9_0/libsrc/usbps_v2_4/src
make -C ps7_cortexa9_0/libsrc/usbps_v2_4/src -s include  "SHELL=/bin/sh" "COMPILER=arm-none-eabi-gcc" "ARCHIVER=arm-none-eabi-ar" "COMPILER_FLAGS=  -O2 -c" "EXTRA_COMPILER_FLAGS=-mcpu=cortex-a9 -mfpu=vfpv3 -mfloat-abi=hard -nostartfiles -Wall -Wextra"
Running Make include in ps7_cortexa9_0/libsrc/scugic_v3_8/src
make -C ps7_cortexa9_0/libsrc/scugic_v3_8/src -s include  "SHELL=/bin/sh" "COMPILER=arm-none-eabi-gcc" "ARCHIVER=arm-none-eabi-ar" "COMPILER_FLAGS=  -O2 -c" "EXTRA_COMPILER_FLAGS=-mcpu=cortex-a9 -mfpu=vfpv3 -mfloat-abi=hard -nostartfiles -Wall -Wextra"
Running Make include in ps7_cortexa9_0/libsrc/coresightps_dcc_v1_4/src
make -C ps7_cortexa9_0/libsrc/coresightps_dcc_v1_4/src -s include  "SHELL=/bin/sh" "COMPILER=arm-none-eabi-gcc" "ARCHIVER=arm-none-eabi-ar" "COMPILER_FLAGS=  -O2 -c" "EXTRA_COMPILER_FLAGS=-mcpu=cortex-a9 -mfpu=vfpv3 -mfloat-abi=hard -nostartfiles -Wall -Wextra"
Running Make include in ps7_cortexa9_0/libsrc/uartps_v3_5/src
make -C ps7_cortexa9_0/libsrc/uartps_v3_5/src -s include  "SHELL=/bin/sh" "COMPILER=arm-none-eabi-gcc" "ARCHIVER=arm-none-eabi-ar" "COMPILER_FLAGS=  -O2 -c" "EXTRA_COMPILER_FLAGS=-mcpu=cortex-a9 -mfpu=vfpv3 -mfloat-abi=hard -nostartfiles -Wall -Wextra"
Running Make include in ps7_cortexa9_0/libsrc/scutimer_v2_1/src
make -C ps7_cortexa9_0/libsrc/scutimer_v2_1/src -s include  "SHELL=/bin/sh" "COMPILER=arm-none-eabi-gcc" "ARCHIVER=arm-none-eabi-ar" "COMPILER_FLAGS=  -O2 -c" "EXTRA_COMPILER_FLAGS=-mcpu=cortex-a9 -mfpu=vfpv3 -mfloat-abi=hard -nostartfiles -Wall -Wextra"
Running Make libs in ps7_cortexa9_0/libsrc/dmaps_v2_3/src
make -C ps7_cortexa9_0/libsrc/dmaps_v2_3/src -s libs  "SHELL=/bin/sh" "COMPILER=arm-none-eabi-gcc" "ARCHIVER=arm-none-eabi-ar" "COMPILER_FLAGS=  -O2 -c" "EXTRA_COMPILER_FLAGS=-mcpu=cortex-a9 -mfpu=vfpv3 -mfloat-abi=hard -nostartfiles -Wall -Wextra"
Compiling dmaps
arm-none-eabi-ar: creating ../../../lib/libxil.a
Running Make libs in ps7_cortexa9_0/libsrc/ddrps_v1_0/src
make -C ps7_cortexa9_0/libsrc/ddrps_v1_0/src -s libs  "SHELL=/bin/sh" "COMPILER=arm-none-eabi-gcc" "ARCHIVER=arm-none-eabi-ar" "COMPILER_FLAGS=  -O2 -c" "EXTRA_COMPILER_FLAGS=-mcpu=cortex-a9 -mfpu=vfpv3 -mfloat-abi=hard -nostartfiles -Wall -Wextra"
Compiling ddrps
Running Make libs in ps7_cortexa9_0/libsrc/qspips_v3_4/src
make -C ps7_cortexa9_0/libsrc/qspips_v3_4/src -s libs  "SHELL=/bin/sh" "COMPILER=arm-none-eabi-gcc" "ARCHIVER=arm-none-eabi-ar" "COMPILER_FLAGS=  -O2 -c" "EXTRA_COMPILER_FLAGS=-mcpu=cortex-a9 -mfpu=vfpv3 -mfloat-abi=hard -nostartfiles -Wall -Wextra"
Compiling qspips
Running Make libs in ps7_cortexa9_0/libsrc/xilrsa_v1_4/src
make -C ps7_cortexa9_0/libsrc/xilrsa_v1_4/src -s libs  "SHELL=/bin/sh" "COMPILER=arm-none-eabi-gcc" "ARCHIVER=arm-none-eabi-ar" "COMPILER_FLAGS=  -O2 -c" "EXTRA_COMPILER_FLAGS=-mcpu=cortex-a9 -mfpu=vfpv3 -mfloat-abi=hard -nostartfiles -Wall -Wextra"
Running Make libs in ps7_cortexa9_0/libsrc/gpiops_v3_3/src
make -C ps7_cortexa9_0/libsrc/gpiops_v3_3/src -s libs  "SHELL=/bin/sh" "COMPILER=arm-none-eabi-gcc" "ARCHIVER=arm-none-eabi-ar" "COMPILER_FLAGS=  -O2 -c" "EXTRA_COMPILER_FLAGS=-mcpu=cortex-a9 -mfpu=vfpv3 -mfloat-abi=hard -nostartfiles -Wall -Wextra"
Compiling gpiops
Running Make libs in ps7_cortexa9_0/libsrc/lwip141_v2_0/src
make -C ps7_cortexa9_0/libsrc/lwip141_v2_0/src -s libs  "SHELL=/bin/sh" "COMPILER=arm-none-eabi-gcc" "ARCHIVER=arm-none-eabi-ar" "COMPILER_FLAGS=  -O2 -c" "EXTRA_COMPILER_FLAGS=-mcpu=cortex-a9 -mfpu=vfpv3 -mfloat-abi=hard -nostartfiles -Wall -Wextra"
Compiling lwip src and adapter files
In file included from ../../../include/lwip/arch.h:43:0,
                 from ../../../include/lwip/debug.h:35,
                 from ../../../include/lwip/opt.h:46,
                 from lwip-1.4.1/src/core/mem.c:56:
lwip-1.4.1/src/core/mem.c: In function 'mem_free':
../../../include/arch/cc.h:98:36: warning: implicit declaration of function 'xil_printf' [-Wimplicit-function-declaration]
 #define LWIP_PLATFORM_DIAG(x) do { xil_printf x; } while(0)
                                    ^
../../../include/lwip/debug.h:87:34: note: in expansion of macro 'LWIP_PLATFORM_DIAG'
                                  LWIP_PLATFORM_DIAG(message); \
                                  ^~~~~~~~~~~~~~~~~~
lwip-1.4.1/src/core/mem.c:317:5: note: in expansion of macro 'LWIP_DEBUGF'
     LWIP_DEBUGF(MEM_DEBUG | LWIP_DBG_TRACE | LWIP_DBG_LEVEL_SERIOUS, ("mem_free(p == NULL) was called.\n"));
     ^~~~~~~~~~~
lwip-1.4.1/src/core/memp.c:144:20: warning: 'memp_desc' defined but not used [-Wunused-variable]
 static const char *memp_desc[MEMP_MAX] = {
                    ^~~~~~~~~
In file included from ../../../include/lwip/arch.h:43:0,
                 from ../../../include/lwip/debug.h:35,
                 from ../../../include/lwip/opt.h:46,
                 from lwip-1.4.1/src/core/netif.c:39:
lwip-1.4.1/src/core/netif.c: In function 'netif_add':
../../../include/arch/cc.h:98:36: warning: implicit declaration of function 'xil_printf' [-Wimplicit-function-declaration]
 #define LWIP_PLATFORM_DIAG(x) do { xil_printf x; } while(0)
                                    ^
../../../include/lwip/debug.h:87:34: note: in expansion of macro 'LWIP_PLATFORM_DIAG'
                                  LWIP_PLATFORM_DIAG(message); \
                                  ^~~~~~~~~~~~~~~~~~
lwip-1.4.1/src/core/netif.c:200:3: note: in expansion of macro 'LWIP_DEBUGF'
   LWIP_DEBUGF(NETIF_DEBUG, ("netif: added interface %c%c IP addr ",
   ^~~~~~~~~~~
In file included from ../../../include/lwip/arch.h:43:0,
                 from ../../../include/lwip/debug.h:35,
                 from ../../../include/lwip/opt.h:46,
                 from lwip-1.4.1/src/core/pbuf.c:64:
lwip-1.4.1/src/core/pbuf.c: In function 'pbuf_free_ooseq':
../../../include/arch/cc.h:98:36: warning: implicit declaration of function 'xil_printf' [-Wimplicit-function-declaration]
 #define LWIP_PLATFORM_DIAG(x) do { xil_printf x; } while(0)
                                    ^
../../../include/lwip/debug.h:87:34: note: in expansion of macro 'LWIP_PLATFORM_DIAG'
                                  LWIP_PLATFORM_DIAG(message); \
                                  ^~~~~~~~~~~~~~~~~~
lwip-1.4.1/src/core/pbuf.c:130:7: note: in expansion of macro 'LWIP_DEBUGF'
       LWIP_DEBUGF(PBUF_DEBUG | LWIP_DBG_TRACE, ("pbuf_free_ooseq: freeing out-of-sequence pbufs\n"));
       ^~~~~~~~~~~
In file included from ../../../include/lwip/arch.h:43:0,
                 from ../../../include/lwip/debug.h:35,
                 from ../../../include/lwip/opt.h:46,
                 from lwip-1.4.1/src/core/raw.c:41:
lwip-1.4.1/src/core/raw.c: In function 'raw_sendto':
../../../include/arch/cc.h:98:36: warning: implicit declaration of function 'xil_printf' [-Wimplicit-function-declaration]
 #define LWIP_PLATFORM_DIAG(x) do { xil_printf x; } while(0)
                                    ^
../../../include/lwip/debug.h:87:34: note: in expansion of macro 'LWIP_PLATFORM_DIAG'
                                  LWIP_PLATFORM_DIAG(message); \
                                  ^~~~~~~~~~~~~~~~~~
lwip-1.4.1/src/core/raw.c:210:3: note: in expansion of macro 'LWIP_DEBUGF'
   LWIP_DEBUGF(RAW_DEBUG | LWIP_DBG_TRACE, ("raw_sendto\n"));
   ^~~~~~~~~~~
In file included from ../../../include/lwip/arch.h:43:0,
                 from ../../../include/lwip/debug.h:35,
                 from ../../../include/lwip/opt.h:46,
                 from lwip-1.4.1/src/netif/etharp.c:46:
lwip-1.4.1/src/netif/etharp.c: In function 'etharp_free_entry':
../../../include/arch/cc.h:98:36: warning: implicit declaration of function 'xil_printf' [-Wimplicit-function-declaration]
 #define LWIP_PLATFORM_DIAG(x) do { xil_printf x; } while(0)
                                    ^
../../../include/lwip/debug.h:87:34: note: in expansion of macro 'LWIP_PLATFORM_DIAG'
                                  LWIP_PLATFORM_DIAG(message); \
                                  ^~~~~~~~~~~~~~~~~~
lwip-1.4.1/src/netif/etharp.c:184:5: note: in expansion of macro 'LWIP_DEBUGF'
     LWIP_DEBUGF(ETHARP_DEBUG, ("etharp_free_entry: freeing entry %"U16_F", packet queue %p.\n", (u16_t)i, (void *)(arp_table[i].q)));
     ^~~~~~~~~~~
In file included from ../../../include/lwip/arch.h:43:0,
                 from ../../../include/lwip/debug.h:35,
                 from ../../../include/lwip/opt.h:46,
                 from lwip-1.4.1/src/core/ipv4/icmp.c:42:
lwip-1.4.1/src/core/ipv4/icmp.c: In function 'icmp_input':
../../../include/arch/cc.h:98:36: warning: implicit declaration of function 'xil_printf' [-Wimplicit-function-declaration]
 #define LWIP_PLATFORM_DIAG(x) do { xil_printf x; } while(0)
                                    ^
../../../include/lwip/debug.h:87:34: note: in expansion of macro 'LWIP_PLATFORM_DIAG'
                                  LWIP_PLATFORM_DIAG(message); \
                                  ^~~~~~~~~~~~~~~~~~
lwip-1.4.1/src/core/ipv4/icmp.c:94:5: note: in expansion of macro 'LWIP_DEBUGF'
     LWIP_DEBUGF(ICMP_DEBUG, ("icmp_input: short ICMP (%"U16_F" bytes) received\n", p->tot_len));
     ^~~~~~~~~~~
In file included from ../../../include/lwip/arch.h:43:0,
                 from ../../../include/lwip/debug.h:35,
                 from ../../../include/lwip/opt.h:46,
                 from lwip-1.4.1/src/core/ipv4/inet_chksum.c:39:
lwip-1.4.1/src/core/ipv4/inet_chksum.c: In function 'inet_chksum_pseudo':
../../../include/arch/cc.h:98:36: warning: implicit declaration of function 'xil_printf' [-Wimplicit-function-declaration]
 #define LWIP_PLATFORM_DIAG(x) do { xil_printf x; } while(0)
                                    ^
../../../include/lwip/debug.h:87:34: note: in expansion of macro 'LWIP_PLATFORM_DIAG'
                                  LWIP_PLATFORM_DIAG(message); \
                                  ^~~~~~~~~~~~~~~~~~
lwip-1.4.1/src/core/ipv4/inet_chksum.c:285:5: note: in expansion of macro 'LWIP_DEBUGF'
     LWIP_DEBUGF(INET_DEBUG, ("inet_chksum_pseudo(): checksumming pbuf %p (has next %p) \n",
     ^~~~~~~~~~~
In file included from ../../../include/lwip/arch.h:43:0,
                 from ../../../include/lwip/debug.h:35,
                 from ../../../include/lwip/opt.h:46,
                 from lwip-1.4.1/src/core/ipv4/ip.c:41:
lwip-1.4.1/src/core/ipv4/ip.c: In function 'ip_route':
../../../include/arch/cc.h:98:36: warning: implicit declaration of function 'xil_printf' [-Wimplicit-function-declaration]
 #define LWIP_PLATFORM_DIAG(x) do { xil_printf x; } while(0)
                                    ^
../../../include/lwip/debug.h:87:34: note: in expansion of macro 'LWIP_PLATFORM_DIAG'
                                  LWIP_PLATFORM_DIAG(message); \
                                  ^~~~~~~~~~~~~~~~~~
lwip-1.4.1/src/core/ipv4/ip.c:146:5: note: in expansion of macro 'LWIP_DEBUGF'
     LWIP_DEBUGF(IP_DEBUG | LWIP_DBG_LEVEL_SERIOUS, ("ip_route: No route to %"U16_F".%"U16_F".%"U16_F".%"U16_F"\n",
     ^~~~~~~~~~~
In file included from ../../../include/lwip/arch.h:43:0,
                 from ../../../include/lwip/debug.h:35,
                 from ../../../include/lwip/opt.h:46,
                 from lwip-1.4.1/src/core/ipv4/ip_frag.c:41:
lwip-1.4.1/src/core/ipv4/ip_frag.c: In function 'ip_reass_tmr':
../../../include/arch/cc.h:98:36: warning: implicit declaration of function 'xil_printf' [-Wimplicit-function-declaration]
 #define LWIP_PLATFORM_DIAG(x) do { xil_printf x; } while(0)
                                    ^
../../../include/lwip/debug.h:87:34: note: in expansion of macro 'LWIP_PLATFORM_DIAG'
                                  LWIP_PLATFORM_DIAG(message); \
                                  ^~~~~~~~~~~~~~~~~~
lwip-1.4.1/src/core/ipv4/ip_frag.c:132:7: note: in expansion of macro 'LWIP_DEBUGF'
       LWIP_DEBUGF(IP_REASS_DEBUG, ("ip_reass_tmr: timer dec %"U16_F"\n",(u16_t)r->timer));
       ^~~~~~~~~~~
In file included from ../../../include/lwip/arch.h:43:0,
                 from ../../../include/lwip/debug.h:35,
                 from ../../../include/lwip/opt.h:46,
                 from lwip-1.4.1/src/core/tcp.c:43:
lwip-1.4.1/src/core/tcp.c: In function 'tcp_close':
../../../include/arch/cc.h:98:36: warning: implicit declaration of function 'xil_printf' [-Wimplicit-function-declaration]
 #define LWIP_PLATFORM_DIAG(x) do { xil_printf x; } while(0)
                                    ^
../../../include/lwip/debug.h:87:34: note: in expansion of macro 'LWIP_PLATFORM_DIAG'
                                  LWIP_PLATFORM_DIAG(message); \
                                  ^~~~~~~~~~~~~~~~~~
lwip-1.4.1/src/core/tcp.c:288:3: note: in expansion of macro 'LWIP_DEBUGF'
   LWIP_DEBUGF(TCP_DEBUG, ("tcp_close: closing in "));
   ^~~~~~~~~~~
In file included from ../../../include/lwip/arch.h:43:0,
                 from ../../../include/lwip/debug.h:35,
                 from ../../../include/lwip/opt.h:46,
                 from lwip-1.4.1/src/core/tcp_in.c:44:
lwip-1.4.1/src/core/tcp_in.c: In function 'tcp_input':
../../../include/arch/cc.h:98:36: warning: implicit declaration of function 'xil_printf' [-Wimplicit-function-declaration]
 #define LWIP_PLATFORM_DIAG(x) do { xil_printf x; } while(0)
                                    ^
../../../include/lwip/debug.h:87:34: note: in expansion of macro 'LWIP_PLATFORM_DIAG'
                                  LWIP_PLATFORM_DIAG(message); \
                                  ^~~~~~~~~~~~~~~~~~
lwip-1.4.1/src/core/tcp_in.c:118:5: note: in expansion of macro 'LWIP_DEBUGF'
     LWIP_DEBUGF(TCP_INPUT_DEBUG, ("tcp_input: short packet (%"U16_F" bytes) discarded\n", p->tot_len));
     ^~~~~~~~~~~
In file included from ../../../include/lwip/arch.h:43:0,
                 from ../../../include/lwip/debug.h:35,
                 from ../../../include/lwip/opt.h:46,
                 from lwip-1.4.1/src/core/tcp_out.c:41:
lwip-1.4.1/src/core/tcp_out.c: In function 'tcp_create_segment':
../../../include/arch/cc.h:98:36: warning: implicit declaration of function 'xil_printf' [-Wimplicit-function-declaration]
 #define LWIP_PLATFORM_DIAG(x) do { xil_printf x; } while(0)
                                    ^
../../../include/lwip/debug.h:87:34: note: in expansion of macro 'LWIP_PLATFORM_DIAG'
                                  LWIP_PLATFORM_DIAG(message); \
                                  ^~~~~~~~~~~~~~~~~~
lwip-1.4.1/src/core/tcp_out.c:174:5: note: in expansion of macro 'LWIP_DEBUGF'
     LWIP_DEBUGF(TCP_OUTPUT_DEBUG | 2, ("tcp_create_segment: no memory.\n"));
     ^~~~~~~~~~~
In file included from ../../../include/lwip/arch.h:43:0,
                 from ../../../include/lwip/debug.h:35,
                 from ../../../include/lwip/opt.h:46,
                 from lwip-1.4.1/src/core/udp.c:49:
lwip-1.4.1/src/core/udp.c: In function 'udp_input':
../../../include/arch/cc.h:98:36: warning: implicit declaration of function 'xil_printf' [-Wimplicit-function-declaration]
 #define LWIP_PLATFORM_DIAG(x) do { xil_printf x; } while(0)
                                    ^
../../../include/lwip/debug.h:87:34: note: in expansion of macro 'LWIP_PLATFORM_DIAG'
                                  LWIP_PLATFORM_DIAG(message); \
                                  ^~~~~~~~~~~~~~~~~~
lwip-1.4.1/src/core/udp.c:171:5: note: in expansion of macro 'LWIP_DEBUGF'
     LWIP_DEBUGF(UDP_DEBUG,
     ^~~~~~~~~~~
In file included from ../../../include/xemacps.h:348:0,
                 from ../../../include/netif/xemacpsif.h:59,
                 from contrib/ports/xilinx/netif/xemacpsif_dma.c:39:
contrib/ports/xilinx/netif/xemacpsif_dma.c: In function 'init_dma':
../../../include/xemacps_bd.h:163:62: warning: 'bdrxterminate' may be used uninitialized in this function [-Wmaybe-uninitialized]
     (*(u32 *)((UINTPTR)(void*)(BaseAddress) + (u32)(Offset)) = (u32)(Data))
                                                              ^
contrib/ports/xilinx/netif/xemacpsif_dma.c:558:14: note: 'bdrxterminate' was declared here
  XEmacPs_Bd *bdrxterminate;
              ^~~~~~~~~~~~~
In file included from ../../../include/xemacps.h:348:0,
                 from ../../../include/netif/xemacpsif.h:59,
                 from contrib/ports/xilinx/netif/xemacpsif_dma.c:39:
../../../include/xemacps_bd.h:163:15: warning: 'bdtxterminate' may be used uninitialized in this function [-Wmaybe-uninitialized]
     (*(u32 *)((UINTPTR)(void*)(BaseAddress) + (u32)(Offset)) = (u32)(Data))
               ^
contrib/ports/xilinx/netif/xemacpsif_dma.c:557:14: note: 'bdtxterminate' was declared here
  XEmacPs_Bd *bdtxterminate;
              ^~~~~~~~~~~~~
Running Make libs in ps7_cortexa9_0/libsrc/sdps_v3_3/src
make -C ps7_cortexa9_0/libsrc/sdps_v3_3/src -s libs  "SHELL=/bin/sh" "COMPILER=arm-none-eabi-gcc" "ARCHIVER=arm-none-eabi-ar" "COMPILER_FLAGS=  -O2 -c" "EXTRA_COMPILER_FLAGS=-mcpu=cortex-a9 -mfpu=vfpv3 -mfloat-abi=hard -nostartfiles -Wall -Wextra"
Compiling sdps
Running Make libs in ps7_cortexa9_0/libsrc/xilffs_v3_7/src
make -C ps7_cortexa9_0/libsrc/xilffs_v3_7/src -s libs  "SHELL=/bin/sh" "COMPILER=arm-none-eabi-gcc" "ARCHIVER=arm-none-eabi-ar" "COMPILER_FLAGS=  -O2 -c" "EXTRA_COMPILER_FLAGS=-mcpu=cortex-a9 -mfpu=vfpv3 -mfloat-abi=hard -nostartfiles -Wall -Wextra"
Compiling XilFFs Library
ff.c: In function 'find_volume':
ff.c:2610:4: warning: dereferencing type-punned pointer will break strict-aliasing rules [-Wstrict-aliasing]
    && (LD_DWORD(fs->win+FSI_LeadSig) == 0x41615252U)
    ^~
diskio.c:135:11: warning: 'ExtCsd' defined but not used [-Wunused-variable]
 static u8 ExtCsd[512] __attribute__ ((aligned(32)));
           ^~~~~~
Running Make libs in ps7_cortexa9_0/libsrc/standalone_v6_5/src
make -C ps7_cortexa9_0/libsrc/standalone_v6_5/src -s libs  "SHELL=/bin/sh" "COMPILER=arm-none-eabi-gcc" "ARCHIVER=arm-none-eabi-ar" "COMPILER_FLAGS=  -O2 -c" "EXTRA_COMPILER_FLAGS=-mcpu=cortex-a9 -mfpu=vfpv3 -mfloat-abi=hard -nostartfiles -Wall -Wextra"
Compiling standalone
Running Make libs in ps7_cortexa9_0/libsrc/cpu_cortexa9_v2_5/src
make -C ps7_cortexa9_0/libsrc/cpu_cortexa9_v2_5/src -s libs  "SHELL=/bin/sh" "COMPILER=arm-none-eabi-gcc" "ARCHIVER=arm-none-eabi-ar" "COMPILER_FLAGS=  -O2 -c" "EXTRA_COMPILER_FLAGS=-mcpu=cortex-a9 -mfpu=vfpv3 -mfloat-abi=hard -nostartfiles -Wall -Wextra"
Compiling cpu_cortexa9
Running Make libs in ps7_cortexa9_0/libsrc/xadcps_v2_2/src
make -C ps7_cortexa9_0/libsrc/xadcps_v2_2/src -s libs  "SHELL=/bin/sh" "COMPILER=arm-none-eabi-gcc" "ARCHIVER=arm-none-eabi-ar" "COMPILER_FLAGS=  -O2 -c" "EXTRA_COMPILER_FLAGS=-mcpu=cortex-a9 -mfpu=vfpv3 -mfloat-abi=hard -nostartfiles -Wall -Wextra"
Compiling xadcps
Running Make libs in ps7_cortexa9_0/libsrc/devcfg_v3_5/src
make -C ps7_cortexa9_0/libsrc/devcfg_v3_5/src -s libs  "SHELL=/bin/sh" "COMPILER=arm-none-eabi-gcc" "ARCHIVER=arm-none-eabi-ar" "COMPILER_FLAGS=  -O2 -c" "EXTRA_COMPILER_FLAGS=-mcpu=cortex-a9 -mfpu=vfpv3 -mfloat-abi=hard -nostartfiles -Wall -Wextra"
Compiling devcfg
Running Make libs in ps7_cortexa9_0/libsrc/iicps_v3_5/src
make -C ps7_cortexa9_0/libsrc/iicps_v3_5/src -s libs  "SHELL=/bin/sh" "COMPILER=arm-none-eabi-gcc" "ARCHIVER=arm-none-eabi-ar" "COMPILER_FLAGS=  -O2 -c" "EXTRA_COMPILER_FLAGS=-mcpu=cortex-a9 -mfpu=vfpv3 -mfloat-abi=hard -nostartfiles -Wall -Wextra"
Compiling iicps
Running Make libs in ps7_cortexa9_0/libsrc/scuwdt_v2_1/src
make -C ps7_cortexa9_0/libsrc/scuwdt_v2_1/src -s libs  "SHELL=/bin/sh" "COMPILER=arm-none-eabi-gcc" "ARCHIVER=arm-none-eabi-ar" "COMPILER_FLAGS=  -O2 -c" "EXTRA_COMPILER_FLAGS=-mcpu=cortex-a9 -mfpu=vfpv3 -mfloat-abi=hard -nostartfiles -Wall -Wextra"
Compiling scuwdt
Running Make libs in ps7_cortexa9_0/libsrc/emacps_v3_6/src
make -C ps7_cortexa9_0/libsrc/emacps_v3_6/src -s libs  "SHELL=/bin/sh" "COMPILER=arm-none-eabi-gcc" "ARCHIVER=arm-none-eabi-ar" "COMPILER_FLAGS=  -O2 -c" "EXTRA_COMPILER_FLAGS=-mcpu=cortex-a9 -mfpu=vfpv3 -mfloat-abi=hard -nostartfiles -Wall -Wextra"
Compiling emacps
Running Make libs in ps7_cortexa9_0/libsrc/usbps_v2_4/src
make -C ps7_cortexa9_0/libsrc/usbps_v2_4/src -s libs  "SHELL=/bin/sh" "COMPILER=arm-none-eabi-gcc" "ARCHIVER=arm-none-eabi-ar" "COMPILER_FLAGS=  -O2 -c" "EXTRA_COMPILER_FLAGS=-mcpu=cortex-a9 -mfpu=vfpv3 -mfloat-abi=hard -nostartfiles -Wall -Wextra"
Compiling usbps
Running Make libs in ps7_cortexa9_0/libsrc/scugic_v3_8/src
make -C ps7_cortexa9_0/libsrc/scugic_v3_8/src -s libs  "SHELL=/bin/sh" "COMPILER=arm-none-eabi-gcc" "ARCHIVER=arm-none-eabi-ar" "COMPILER_FLAGS=  -O2 -c" "EXTRA_COMPILER_FLAGS=-mcpu=cortex-a9 -mfpu=vfpv3 -mfloat-abi=hard -nostartfiles -Wall -Wextra"
Compiling scugic
Running Make libs in ps7_cortexa9_0/libsrc/coresightps_dcc_v1_4/src
make -C ps7_cortexa9_0/libsrc/coresightps_dcc_v1_4/src -s libs  "SHELL=/bin/sh" "COMPILER=arm-none-eabi-gcc" "ARCHIVER=arm-none-eabi-ar" "COMPILER_FLAGS=  -O2 -c" "EXTRA_COMPILER_FLAGS=-mcpu=cortex-a9 -mfpu=vfpv3 -mfloat-abi=hard -nostartfiles -Wall -Wextra"
Compiling coresightps_dcc
Running Make libs in ps7_cortexa9_0/libsrc/uartps_v3_5/src
make -C ps7_cortexa9_0/libsrc/uartps_v3_5/src -s libs  "SHELL=/bin/sh" "COMPILER=arm-none-eabi-gcc" "ARCHIVER=arm-none-eabi-ar" "COMPILER_FLAGS=  -O2 -c" "EXTRA_COMPILER_FLAGS=-mcpu=cortex-a9 -mfpu=vfpv3 -mfloat-abi=hard -nostartfiles -Wall -Wextra"
Compiling uartps
Running Make libs in ps7_cortexa9_0/libsrc/scutimer_v2_1/src
make -C ps7_cortexa9_0/libsrc/scutimer_v2_1/src -s libs  "SHELL=/bin/sh" "COMPILER=arm-none-eabi-gcc" "ARCHIVER=arm-none-eabi-ar" "COMPILER_FLAGS=  -O2 -c" "EXTRA_COMPILER_FLAGS=-mcpu=cortex-a9 -mfpu=vfpv3 -mfloat-abi=hard -nostartfiles -Wall -Wextra"
Compiling scutimer
Finished building libraries

19:19:44 Build Finished (took 26s.503ms)

